\BOOKMARK [0][-]{titlepage.0}{\376\377\134\001\227\142}{}% 1
\BOOKMARK [0][-]{cabstract.0}{\376\377\144\130\211\201}{}% 2
\BOOKMARK [0][-]{eabstract.0}{\376\377\000A\000B\000S\000T\000R\000A\000C\000T}{}% 3
\BOOKMARK [0][-]{contents.0}{\376\377\166\356\137\125}{}% 4
\BOOKMARK [0][-]{chapter*.4}{\376\377\136\217\212\000}{}% 5
\BOOKMARK [0][-]{chapter.1}{\376\377\000K\000V\000\040\000F\000r\000a\000m\000e\000w\000o\000r\000k\213\276\213\241}{}% 6
\BOOKMARK [1][-]{section.1.1}{\376\377\151\202\211\310}{chapter.1}% 7
\BOOKMARK [1][-]{section.1.2}{\376\377\225\056\120\074\133\130\120\250\377\010\000K\000e\000y\000\040\000V\000a\000l\000u\000e\000\040\000S\000t\000o\000r\000e\377\011\116\313\176\315}{chapter.1}% 8
\BOOKMARK [1][-]{section.1.3}{\376\377\000K\000e\000y\000\040\000V\000a\000l\000u\000e\000\040\000F\000r\000a\000m\000e\000w\000o\000r\000k\000\040\000\050\000K\000V\000F\000\051\000\040\145\160\143\156\152\041\127\213}{chapter.1}% 9
\BOOKMARK [1][-]{section.1.4}{\376\377\000K\000e\000y\000\040\000V\000a\000l\000u\000e\000\040\000F\000r\000a\000m\000e\000w\000o\000r\000k\000\040\000\050\000K\000V\000F\000\051\000\040\117\123\174\373\176\323\147\204}{chapter.1}% 10
\BOOKMARK [0][-]{chapter.2}{\376\377\000K\000V\000\040\000F\000r\000a\000m\000e\000w\000o\000r\000k\136\225\134\102\173\241\164\006\143\245\123\343\213\276\213\241}{}% 11
\BOOKMARK [1][-]{section.2.1}{\376\377\151\202\211\310}{chapter.2}% 12
\BOOKMARK [1][-]{section.2.2}{\376\377\127\372\147\054\145\160\143\156\176\323\147\204}{chapter.2}% 13
\BOOKMARK [2][-]{subsection.2.2.1}{\376\377\127\372\147\054\145\160\143\156\176\323\147\204}{section.2.2}% 14
\BOOKMARK [2][-]{subsection.2.2.2}{\376\377\133\127\173\046\116\062\176\323\147\204\133\232\116\111}{section.2.2}% 15
\BOOKMARK [1][-]{section.2.3}{\376\377\000K\000V\000F\154\350\121\214\124\214\154\350\225\000\143\245\123\343}{chapter.2}% 16
\BOOKMARK [1][-]{section.2.4}{\376\377\000K\000V\000-\000L\000I\000B\000\040\143\245\123\343}{chapter.2}% 17
\BOOKMARK [2][-]{subsection.2.4.1}{\376\377\000k\000v\000f\000\137\000i\000n\000i\000t\000\050\000\051}{section.2.4}% 18
\BOOKMARK [2][-]{subsection.2.4.2}{\376\377\000k\000v\000f\000\137\000s\000h\000u\000t\000d\000o\000w\000n\000\040\000\050\000\051}{section.2.4}% 19
\BOOKMARK [2][-]{subsection.2.4.3}{\376\377\000k\000v\000f\000\137\000s\000e\000t\000\137\000p\000r\000o\000p\000\050\000\051}{section.2.4}% 20
\BOOKMARK [2][-]{subsection.2.4.4}{\376\377\000k\000v\000f\000\137\000g\000e\000t\000\137\000p\000r\000o\000p\000\050\000\051}{section.2.4}% 21
\BOOKMARK [2][-]{subsection.2.4.5}{\376\377\000k\000v\000f\000\137\000a\000l\000l\000o\000c\000\137\000b\000u\000f\000\050\000\051}{section.2.4}% 22
\BOOKMARK [2][-]{subsection.2.4.6}{\376\377\000k\000v\000f\000\137\000f\000r\000e\000e\000\137\000b\000u\000f\000\050\000\051}{section.2.4}% 23
\BOOKMARK [2][-]{subsection.2.4.7}{\376\377\000k\000v\000f\000\137\000g\000e\000t\000\137\000e\000r\000r\000s\000t\000r\000\050\000\051}{section.2.4}% 24
\BOOKMARK [2][-]{subsection.2.4.8}{\376\377\000k\000v\000f\000\137\000g\000e\000t\000\137\000s\000t\000a\000t\000s\000\050\000\051}{section.2.4}% 25
\BOOKMARK [1][-]{section.2.5}{\376\377\000P\000O\000O\000L\143\245\123\343}{chapter.2}% 26
\BOOKMARK [2][-]{subsection.2.5.1}{\376\377\000p\000o\000o\000l\000\137\000c\000r\000e\000a\000t\000e\000\050\000\051}{section.2.5}% 27
\BOOKMARK [2][-]{subsection.2.5.2}{\376\377\000p\000o\000o\000l\000\137\000d\000e\000s\000t\000r\000o\000y\000\050\000\051}{section.2.5}% 28
\BOOKMARK [2][-]{subsection.2.5.3}{\376\377\000p\000o\000o\000l\000\137\000o\000p\000e\000n\000\050\000\051}{section.2.5}% 29
\BOOKMARK [2][-]{subsection.2.5.4}{\376\377\000p\000o\000o\000l\000\137\000c\000l\000o\000s\000e\000\050\000\051}{section.2.5}% 30
\BOOKMARK [2][-]{subsection.2.5.5}{\376\377\000p\000o\000o\000l\000\137\000s\000e\000t\000\137\000p\000r\000o\000p\000\050\000\051}{section.2.5}% 31
\BOOKMARK [2][-]{subsection.2.5.6}{\376\377\000p\000o\000o\000l\000\137\000g\000e\000t\000\137\000p\000r\000o\000p\000\050\000\051}{section.2.5}% 32
\BOOKMARK [2][-]{subsection.2.5.7}{\376\377\000p\000o\000o\000l\000\137\000g\000e\000t\000\137\000s\000t\000a\000t\000s\000\050\000\051}{section.2.5}% 33
\BOOKMARK [1][-]{section.2.6}{\376\377\133\371\214\141\225\056\120\074\143\245\123\343}{chapter.2}% 34
\BOOKMARK [2][-]{subsection.2.6.1}{\376\377\000p\000u\000t}{section.2.6}% 35
\BOOKMARK [2][-]{subsection.2.6.2}{\376\377\000g\000e\000t}{section.2.6}% 36
\BOOKMARK [2][-]{subsection.2.6.3}{\376\377\000d\000e\000l}{section.2.6}% 37
\BOOKMARK [2][-]{subsection.2.6.4}{\376\377\000i\000t\000e\000r\000\137\000o\000p\000e\000n}{section.2.6}% 38
\BOOKMARK [2][-]{subsection.2.6.5}{\376\377\000i\000t\000e\000r\000\137\000n\000e\000x\000t}{section.2.6}% 39
\BOOKMARK [2][-]{subsection.2.6.6}{\376\377\000i\000t\000e\000r\000\137\000c\000l\000o\000s\000e}{section.2.6}% 40
\BOOKMARK [1][-]{section.2.7}{\376\377\116\012\134\102\143\245\123\343}{chapter.2}% 41
\BOOKMARK [2][-]{subsection.2.7.1}{\376\377\000K\000V\000F\143\245\123\343}{section.2.7}% 42
\BOOKMARK [2][-]{subsection.2.7.2}{\376\377\000P\000o\000o\000l\143\245\123\343}{section.2.7}% 43
\BOOKMARK [2][-]{subsection.2.7.3}{\376\377\000P\000o\000o\000l\143\245\123\343}{section.2.7}% 44
\BOOKMARK [1][-]{section.2.8}{\376\377\151\202\211\310}{chapter.2}% 45
\BOOKMARK [1][-]{section.2.9}{\376\377\000Y\000C\000S\000B\136\224\165\050\152\041\127\213}{chapter.2}% 46
\BOOKMARK [2][-]{subsection.2.9.1}{\376\377\000Y\000C\000S\000B\133\242\142\067\172\357}{section.2.9}% 47
\BOOKMARK [2][-]{subsection.2.9.2}{\376\377\000W\000o\000r\000k\000l\000o\000a\000d}{section.2.9}% 48
\BOOKMARK [2][-]{subsection.2.9.3}{\376\377\000J\000N\000I}{section.2.9}% 49
\BOOKMARK [2][-]{subsection.2.9.4}{\376\377\133\236\163\260\145\271\137\017}{section.2.9}% 50
\BOOKMARK [2][-]{subsection.2.9.5}{\376\377\133\236\163\260\155\101\172\013}{section.2.9}% 51
\BOOKMARK [2][-]{subsection.2.9.6}{\376\377\155\113\213\325\213\241\122\022}{section.2.9}% 52
\BOOKMARK [0][-]{chapter*.6}{\376\377\176\323\213\272}{}% 53
\BOOKMARK [0][-]{appendix*.8}{\376\377\201\364\214\042}{}% 54
\BOOKMARK [0][-]{appendix*.9}{\376\377\123\027\116\254\131\047\133\146\133\146\117\115\213\272\145\207\123\237\122\033\140\047\130\360\146\016\124\214\117\177\165\050\143\210\147\103\213\364\146\016}{}% 55
